<?xml version="1.0" encoding="UTF-8"?>
<!-- Generated by org.testng.reporters.JUnitXMLReporter -->
<testsuite ignored="0" hostname="MacBook-Air.local" failures="1" tests="2" name="Test" time="7.485" errors="0" timestamp="2020-10-31T22:29:40 IST">
  <testcase classname="azurepipelienpoc.NewTest" name="titleTest" time="7.074"/>
  <testcase classname="azurepipelienpoc.NewTest" name="urlTest" time="0.038">
    <failure type="java.lang.AssertionError" message="expected [https://www.abc.com/] but found [https://www.google.com/]">
      <![CDATA[java.lang.AssertionError: expected [https://www.abc.com/] but found [https://www.google.com/]
at azurepipelienpoc.NewTest.urlTest(NewTest.java:11)
at java.base/java.util.ArrayList.forEach(ArrayList.java:1510)
... Removed 37 stack frames]]>
    </failure>
  </testcase> <!-- urlTest -->
</testsuite> <!-- Test -->
