<?xml version="1.0" encoding="UTF-8"?>
<testng-results ignored="0" total="1" passed="1" failed="0" skipped="0">
  <reporter-output>
  </reporter-output>
  <suite started-at="2020-10-31T01:33:44 IST" name="Suite" finished-at="2020-10-31T01:33:52 IST" duration-ms="8189">
    <groups>
    </groups>
    <test started-at="2020-10-31T01:33:44 IST" name="Test" finished-at="2020-10-31T01:33:52 IST" duration-ms="8189">
      <class name="azurepipelienpoc.NewTest">
        <test-method signature="urlTest()[pri:0, instance:azurepipelienpoc.NewTest@7bc1a03d]" started-at="2020-10-31T01:33:44 IST" name="urlTest" finished-at="2020-10-31T01:33:52 IST" duration-ms="8109" status="PASS">
          <reporter-output>
          </reporter-output>
        </test-method> <!-- urlTest -->
      </class> <!-- azurepipelienpoc.NewTest -->
    </test> <!-- Test -->
  </suite> <!-- Suite -->
</testng-results>
