<?xml version="1.0" encoding="UTF-8"?>
<testsuite xmlns:xsi="http://www.w3.org/2001/XMLSchema-instance" xsi:noNamespaceSchemaLocation="https://maven.apache.org/surefire/maven-surefire-plugin/xsd/surefire-test-report-3.0.xsd" version="3.0" name="TestSuite" time="8.768" tests="2" errors="0" skipped="0" failures="1">
  <properties>
[...]
</properties>
  <testcase name="titleTest" classname="azurepipelienpoc.NewTest" time="7.103">
    <system-out><![CDATA[CURRENT TITLE IS Google
]]></system-out>
    <system-err><![CDATA[SLF4J: Failed to load class "org.slf4j.impl.StaticLoggerBinder".
SLF4J: Defaulting to no-operation (NOP) logger implementation
SLF4J: See http://www.slf4j.org/codes.html#StaticLoggerBinder for further details.
Starting ChromeDriver 86.0.4240.22 (398b0743353ff36fb1b82468f63a3a93b4e2e89e-refs/branch-heads/4240@{#378}) on port 44980
Only local connections are allowed.
Please see https://chromedriver.chromium.org/security-considerations for suggestions on keeping ChromeDriver safe.
ChromeDriver was started successfully.
Oct 31, 2020 10:29:37 PM org.openqa.selenium.remote.ProtocolHandshake createSession
INFO: Detected dialect: W3C
]]></system-err>
  </testcase>
  <testcase name="urlTest" classname="azurepipelienpoc.NewTest" time="0.344">
    <failure message="expected [https://www.abc.com/] but found [https://www.google.com/]" type="java.lang.AssertionError"><![CDATA[java.lang.AssertionError: expected [https://www.abc.com/] but found [https://www.google.com/]
	at azurepipelienpoc.NewTest.urlTest(NewTest.java:11)
]]></failure>
    <system-out><![CDATA[CURRENT URL IS https://www.google.com/
***** Error urlTest test has failed *****
CONTEXT IS :org.testng.TestRunner@5ea502e0
DFIVVER ATTRI IS :ChromeDriver: chrome on MAC (182ad47fda6236370a633cadece75843)
***Placed screen shot in screenshots/ ***
SCREEMSHOT TAKEN
]]></system-out>
  </testcase>
</testsuite>